Using pre-set license
Built from '2020.3/staging' branch; Version is '2020.3.30f1 (1fb1bf06830e) revision 2077119'; Using compiler version '192528614'; Build Type 'Release'
OS: 'Windows 10  (10.0.19044) 64bit Core' Language: 'de' Physical Memory: 8071 MB
BatchMode: 1, IsHumanControllingUs: 0, StartBugReporterOnCrash: 0, Is64bit: 1, IsPro: 0

COMMAND LINE ARGUMENTS:
F:\Unity\2020.3.30f1\Editor\Unity.exe
-adb2
-batchMode
-noUpm
-name
AssetImportWorker0
-projectPath
F:/GitHub/MiniJam-Cascade/MiniJam-Cascade
-logFile
Logs/AssetImportWorker0.log
-srvPort
50294
Successfully changed project path to: F:/GitHub/MiniJam-Cascade/MiniJam-Cascade
F:/GitHub/MiniJam-Cascade/MiniJam-Cascade
Using Asset Import Pipeline V2.
Refreshing native plugins compatible for Editor in 173.88 ms, found 3 plugins.
Preloading 0 native plugins for Editor in 0.00 ms.
Initialize engine version: 2020.3.30f1 (1fb1bf06830e)
[Subsystems] Discovering subsystems at path F:/Unity/2020.3.30f1/Editor/Data/Resources/UnitySubsystems
[Subsystems] Discovering subsystems at path F:/GitHub/MiniJam-Cascade/MiniJam-Cascade/Assets
GfxDevice: creating device client; threaded=0
Direct3D:
    Version:  Direct3D 11.0 [level 11.1]
    Renderer: NVIDIA GeForce GTX 1050 (ID=0x1c8d)
    Vendor:   
    VRAM:     4019 MB
    Driver:   30.0.15.1215
Initialize mono
Mono path[0] = 'F:/Unity/2020.3.30f1/Editor/Data/Managed'
Mono path[1] = 'F:/Unity/2020.3.30f1/Editor/Data/MonoBleedingEdge/lib/mono/unityjit'
Mono config path = 'F:/Unity/2020.3.30f1/Editor/Data/MonoBleedingEdge/etc'
Using monoOptions --debugger-agent=transport=dt_socket,embedding=1,server=y,suspend=n,address=127.0.0.1:56092
Begin MonoManager ReloadAssembly
Registering precompiled unity dll's ...
Register platform support module: F:/Unity/2020.3.30f1/Editor/Data/PlaybackEngines/WebGLSupport/UnityEditor.WebGL.Extensions.dll
Register platform support module: F:/Unity/2020.3.30f1/Editor/Data/PlaybackEngines/MacStandaloneSupport/UnityEditor.OSXStandalone.Extensions.dll
Register platform support module: F:/Unity/2020.3.30f1/Editor/Data/PlaybackEngines/WindowsStandaloneSupport/UnityEditor.WindowsStandalone.Extensions.dll
Register platform support module: F:/Unity/2020.3.30f1/Editor/Data/PlaybackEngines/LinuxStandaloneSupport/UnityEditor.LinuxStandalone.Extensions.dll
Registered in 0.016877 seconds.
Native extension for LinuxStandalone target not found
Native extension for WindowsStandalone target not found
Native extension for OSXStandalone target not found
Native extension for WebGL target not found
Refreshing native plugins compatible for Editor in 248.56 ms, found 3 plugins.
Preloading 0 native plugins for Editor in 0.00 ms.
Mono: successfully reloaded assembly
- Completed reload, in  4.210 seconds
Domain Reload Profiling:
	ReloadAssembly (4220ms)
		BeginReloadAssembly (348ms)
			ExecutionOrderSort (0ms)
			DisableScriptedObjects (0ms)
			BackupInstance (0ms)
			ReleaseScriptingObjects (0ms)
			CreateAndSetChildDomain (1ms)
		EndReloadAssembly (3706ms)
			LoadAssemblies (347ms)
			RebuildTransferFunctionScriptingTraits (0ms)
			SetupTypeCache (2146ms)
			ReleaseScriptCaches (0ms)
			RebuildScriptCaches (106ms)
			SetupLoadedEditorAssemblies (867ms)
				LogAssemblyErrors (0ms)
				InitializePlatformSupportModulesInManaged (40ms)
				SetLoadedEditorAssemblies (0ms)
				RefreshPlugins (249ms)
				BeforeProcessingInitializeOnLoad (84ms)
				ProcessInitializeOnLoadAttributes (373ms)
				ProcessInitializeOnLoadMethodAttributes (113ms)
				AfterProcessingInitializeOnLoad (7ms)
				EditorAssembliesLoaded (1ms)
			ExecutionOrderSort2 (0ms)
			AwakeInstancesAfterBackupRestoration (0ms)
Platform modules already initialized, skipping
Registering precompiled user dll's ...
Registered in 0.075746 seconds.
Begin MonoManager ReloadAssembly
Symbol file data-0000011589D679C0 doesn't match image F:\GitHub\MiniJam-Cascade\MiniJam-Cascade\Library\ScriptAssemblies\Unity.Services.Core.Editor.dll
Symbol file LoadedFromMemory is not a mono symbol file
Symbol file data-000001158A16E080 doesn't match image F:\GitHub\MiniJam-Cascade\MiniJam-Cascade\Library\ScriptAssemblies\AK.Wwise.Unity.Timeline.dll
Symbol file LoadedFromMemory is not a mono symbol file
Symbol file data-0000011589A0E850 doesn't match image F:\GitHub\MiniJam-Cascade\MiniJam-Cascade\Library\ScriptAssemblies\AK.Wwise.Unity.Timeline.Editor.dll
Symbol file LoadedFromMemory is not a mono symbol file
Symbol file data-0000011589FCC440 doesn't match image F:\GitHub\MiniJam-Cascade\MiniJam-Cascade\Library\ScriptAssemblies\Unity.VSCode.Editor.dll
Symbol file LoadedFromMemory is not a mono symbol file
Symbol file data-0000011585C4DA30 doesn't match image F:\GitHub\MiniJam-Cascade\MiniJam-Cascade\Library\ScriptAssemblies\AK.Wwise.Unity.MonoBehaviour.Editor.dll
Symbol file LoadedFromMemory is not a mono symbol file
Symbol file data-00000115898581E0 doesn't match image F:\GitHub\MiniJam-Cascade\MiniJam-Cascade\Library\ScriptAssemblies\Unity.TextMeshPro.Editor.dll
Symbol file LoadedFromMemory is not a mono symbol file
Symbol file data-0000011585C4DA30 doesn't match image F:\GitHub\MiniJam-Cascade\MiniJam-Cascade\Library\ScriptAssemblies\Unity.VisualStudio.Editor.dll
Symbol file LoadedFromMemory is not a mono symbol file
Symbol file data-00000115898581E0 doesn't match image F:\GitHub\MiniJam-Cascade\MiniJam-Cascade\Library\ScriptAssemblies\UnityEngine.TestRunner.dll
Symbol file LoadedFromMemory is not a mono symbol file
Symbol file data-000001158A1E4010 doesn't match image F:\GitHub\MiniJam-Cascade\MiniJam-Cascade\Library\ScriptAssemblies\Unity.Timeline.Editor.dll
Symbol file LoadedFromMemory is not a mono symbol file
Symbol file data-0000011589AB4A40 doesn't match image F:\GitHub\MiniJam-Cascade\MiniJam-Cascade\Library\ScriptAssemblies\Unity.Timeline.dll
Symbol file LoadedFromMemory is not a mono symbol file
Symbol file data-000001158A203420 doesn't match image F:\GitHub\MiniJam-Cascade\MiniJam-Cascade\Library\ScriptAssemblies\Unity.TextMeshPro.dll
Symbol file LoadedFromMemory is not a mono symbol file
Symbol file data-0000011585C4DA30 doesn't match image F:\GitHub\MiniJam-Cascade\MiniJam-Cascade\Library\ScriptAssemblies\AK.Wwise.Unity.API.Editor.dll
Symbol file LoadedFromMemory is not a mono symbol file
Symbol file data-0000011589AB4A40 doesn't match image F:\GitHub\MiniJam-Cascade\MiniJam-Cascade\Library\ScriptAssemblies\Unity.CollabProxy.Editor.dll
Symbol file LoadedFromMemory is not a mono symbol file
Symbol file data-0000011589AB4A40 doesn't match image F:\GitHub\MiniJam-Cascade\MiniJam-Cascade\Library\ScriptAssemblies\UnityEditor.TestRunner.dll
Symbol file LoadedFromMemory is not a mono symbol file
Symbol file data-000001158A1B0220 doesn't match image F:\GitHub\MiniJam-Cascade\MiniJam-Cascade\Library\ScriptAssemblies\AK.Wwise.Unity.API.dll
Symbol file LoadedFromMemory is not a mono symbol file
Symbol file data-000001158A098E20 doesn't match image F:\GitHub\MiniJam-Cascade\MiniJam-Cascade\Library\ScriptAssemblies\UnityEditor.UI.dll
Symbol file LoadedFromMemory is not a mono symbol file
Symbol file data-000001158A750080 doesn't match image F:\GitHub\MiniJam-Cascade\MiniJam-Cascade\Library\ScriptAssemblies\Unity.PlasticSCM.Editor.dll
Symbol file LoadedFromMemory is not a mono symbol file
Symbol file data-000001158A098E20 doesn't match image F:\GitHub\MiniJam-Cascade\MiniJam-Cascade\Library\ScriptAssemblies\Unity.Rider.Editor.dll
Symbol file LoadedFromMemory is not a mono symbol file
Symbol file data-0000011585B39630 doesn't match image F:\GitHub\MiniJam-Cascade\MiniJam-Cascade\Library\ScriptAssemblies\UnityEngine.UI.dll
Symbol file LoadedFromMemory is not a mono symbol file
Symbol file data-000001158A098E20 doesn't match image F:\GitHub\MiniJam-Cascade\MiniJam-Cascade\Library\ScriptAssemblies\AK.Wwise.Unity.MonoBehaviour.dll
Symbol file LoadedFromMemory is not a mono symbol file
Symbol file data-0000011589FCC440 doesn't match image F:\GitHub\MiniJam-Cascade\MiniJam-Cascade\Library\ScriptAssemblies\AK.Wwise.Unity.API.WwiseTypes.dll
Symbol file LoadedFromMemory is not a mono symbol file
Symbol file data-0000011585DDFEE0 doesn't match image F:\GitHub\MiniJam-Cascade\MiniJam-Cascade\Library\ScriptAssemblies\Ak.Wwise.Api.WAAPI.dll
Symbol file LoadedFromMemory is not a mono symbol file
Native extension for LinuxStandalone target not found
Native extension for WindowsStandalone target not found
Native extension for OSXStandalone target not found
Native extension for WebGL target not found
Refreshing native plugins compatible for Editor in 0.87 ms, found 3 plugins.
Preloading 0 native plugins for Editor in 0.00 ms.
DisplayProgressbar: Populating Wwise Picker
Mono: successfully reloaded assembly
- Completed reload, in  3.159 seconds
Domain Reload Profiling:
	ReloadAssembly (3162ms)
		BeginReloadAssembly (538ms)
			ExecutionOrderSort (0ms)
			DisableScriptedObjects (39ms)
			BackupInstance (0ms)
			ReleaseScriptingObjects (0ms)
			CreateAndSetChildDomain (26ms)
		EndReloadAssembly (2500ms)
			LoadAssemblies (424ms)
			RebuildTransferFunctionScriptingTraits (0ms)
			SetupTypeCache (825ms)
			ReleaseScriptCaches (1ms)
			RebuildScriptCaches (127ms)
			SetupLoadedEditorAssemblies (1203ms)
				LogAssemblyErrors (0ms)
				InitializePlatformSupportModulesInManaged (13ms)
				SetLoadedEditorAssemblies (1ms)
				RefreshPlugins (1ms)
				BeforeProcessingInitializeOnLoad (260ms)
				ProcessInitializeOnLoadAttributes (840ms)
				ProcessInitializeOnLoadMethodAttributes (66ms)
				AfterProcessingInitializeOnLoad (21ms)
				EditorAssembliesLoaded (0ms)
			ExecutionOrderSort2 (0ms)
			AwakeInstancesAfterBackupRestoration (9ms)
Platform modules already initialized, skipping
========================================================================
Worker process is ready to serve import requests
Launched and connected shader compiler UnityShaderCompiler.exe after 0.13 seconds
Refreshing native plugins compatible for Editor in 0.89 ms, found 3 plugins.
Preloading 0 native plugins for Editor in 0.00 ms.
Unloading 1833 Unused Serialized files (Serialized files now loaded: 0)
System memory in use before: 79.0 MB.
System memory in use after: 79.1 MB.

Unloading 65 unused Assets to reduce memory usage. Loaded Objects now: 2219.
Total: 5.840900 ms (FindLiveObjects: 0.163400 ms CreateObjectMapping: 0.073900 ms MarkObjects: 5.452600 ms  DeleteObjects: 0.149900 ms)

AssetImportParameters requested are different than current active one (requested -> active):
  custom:framework-win-MediaFoundation: 216162199b28c13a410421893ffa2e32 -> 
  custom:video-decoder-ogg-theora: a1e56fd34408186e4bbccfd4996cb3dc -> 
  custom:container-muxer-webm: aa71ff27fc2769a1b78a27578f13a17b -> 
  custom:container-demuxer-webm: 4f35f7cbe854078d1ac9338744f61a02 -> 
  custom:container-demuxer-ogg: 62fdf1f143b41e24485cea50d1cbac27 -> 
  custom:video-encoder-webm-vp8: eb34c28f22e8b96e1ab97ce403110664 -> 
  custom:video-codec-MediaFoundation-h265: 746d11721c4dcdbdad8f713fa42b33f4 -> 
  custom:video-decoder-webm-vp8: 9c59270c3fd7afecdb556c50c9e8de78 -> 
  custom:audio-decoder-ogg-vorbis: bf7c407c2cedff20999df2af8eb42d56 -> 
  custom:audio-encoder-webm-vorbis: bf7c407c2cedff20999df2af8eb42d56 -> 
========================================================================
Received Import Request.
  path: Assets/Scripts/PlayerMovement.cs
  artifactKey: Guid(e107853c474e95a40b6ed01d1604cd56) Importer(815301076,1909f56bfc062723c751e8b465ee728b)
Start importing Assets/Scripts/PlayerMovement.cs using Guid(e107853c474e95a40b6ed01d1604cd56) Importer(815301076,1909f56bfc062723c751e8b465ee728b)  -> (artifact id: 'fcc618f024f1e4f0a52785726200c5c2') in 0.144346 seconds 
========================================================================
Received Import Request.
  Time since last request: 0.505274 seconds.
  path: Assets/Scripts/TestScript.cs
  artifactKey: Guid(0f025e8f06770b9409eca2299d8099a0) Importer(815301076,1909f56bfc062723c751e8b465ee728b)
Start importing Assets/Scripts/TestScript.cs using Guid(0f025e8f06770b9409eca2299d8099a0) Importer(815301076,1909f56bfc062723c751e8b465ee728b)  -> (artifact id: 'd0a5322411ce70902059c61b152e644e') in 0.019354 seconds 
